<?xml version="1.0" encoding="UTF-8"?>
<testng-results skipped="0" failed="0" ignored="0" total="1" passed="1">
  <reporter-output>
  </reporter-output>
  <suite name="Default suite" duration-ms="42442" started-at="2023-08-11T16:33:22Z" finished-at="2023-08-11T16:34:05Z">
    <groups>
    </groups>
    <test name="Default test" duration-ms="42442" started-at="2023-08-11T16:33:22Z" finished-at="2023-08-11T16:34:05Z">
      <class name="testscripts.TC7_UpdateOrganizationNameTest">
        <test-method status="PASS" signature="setup()[pri:0, instance:testscripts.TC7_UpdateOrganizationNameTest@105fece7]" name="setup" is-config="true" duration-ms="36924" started-at="2023-08-11T16:33:22Z" finished-at="2023-08-11T16:33:59Z">
          <reporter-output>
          </reporter-output>
        </test-method> <!-- setup -->
        <test-method status="PASS" signature="UpdateCompanyName()[pri:0, instance:testscripts.TC7_UpdateOrganizationNameTest@105fece7]" name="UpdateCompanyName" duration-ms="5395" started-at="2023-08-11T16:33:59Z" finished-at="2023-08-11T16:34:05Z">
          <reporter-output>
          </reporter-output>
        </test-method> <!-- UpdateCompanyName -->
        <test-method status="PASS" signature="tearDown(org.testng.ITestResult)[pri:0, instance:testscripts.TC7_UpdateOrganizationNameTest@105fece7]" name="tearDown" is-config="true" duration-ms="107" started-at="2023-08-11T16:34:05Z" finished-at="2023-08-11T16:34:05Z">
          <params>
            <param index="0">
              <value>
                <![CDATA[[TestResult name=UpdateCompanyName status=SUCCESS method=TC7_UpdateOrganizationNameTest.UpdateCompanyName()[pri:0, instance:testscripts.TC7_UpdateOrganizationNameTest@105fece7] output={null}]]]>
              </value>
            </param>
          </params>
          <reporter-output>
          </reporter-output>
        </test-method> <!-- tearDown -->
      </class> <!-- testscripts.TC7_UpdateOrganizationNameTest -->
    </test> <!-- Default test -->
  </suite> <!-- Default suite -->
</testng-results>
